<?xml version="1.0" encoding="UTF-8"?>
<testsuite name="com.example.CheckMutant.CheckMutantApplicationTests" tests="1" skipped="0" failures="0" errors="0" timestamp="2024-10-01T15:21:01" hostname="PC-IGNACIO" time="0.894">
  <properties/>
  <testcase name="contextLoads()" classname="com.example.CheckMutant.CheckMutantApplicationTests" time="0.894"/>
  <system-out><![CDATA[12:20:59.562 [Test worker] INFO org.springframework.test.context.support.AnnotationConfigContextLoaderUtils -- Could not detect default configuration classes for test class [com.example.CheckMutant.CheckMutantApplicationTests]: CheckMutantApplicationTests does not declare any static, non-private, non-final, nested classes annotated with @Configuration.
12:20:59.664 [Test worker] INFO org.springframework.boot.test.context.SpringBootTestContextBootstrapper -- Found @SpringBootConfiguration com.example.CheckMutant.CheckMutantApplication for test class com.example.CheckMutant.CheckMutantApplicationTests

  .   ____          _            __ _ _
 /\\ / ___'_ __ _ _(_)_ __  __ _ \ \ \ \
( ( )\___ | '_ | '_| | '_ \/ _` | \ \ \ \
 \\/  ___)| |_)| | | | | || (_| |  ) ) ) )
  '  |____| .__|_| |_|_| |_\__, | / / / /
 =========|_|==============|___/=/_/_/_/

 :: Spring Boot ::                (v3.3.4)

2024-10-01T12:21:00.032-03:00  INFO 10464 --- [CheckMutant] [    Test worker] c.e.C.CheckMutantApplicationTests        : Starting CheckMutantApplicationTests using Java 17.0.12 with PID 10464 (started by Ignacio in D:\Ing en Sistemas\3ER - TERCER AÃ‘O\Desarrollo de Software\Primer Parcial\CheckMutant)
2024-10-01T12:21:00.033-03:00  INFO 10464 --- [CheckMutant] [    Test worker] c.e.C.CheckMutantApplicationTests        : No active profile set, falling back to 1 default profile: "default"
2024-10-01T12:21:01.487-03:00  INFO 10464 --- [CheckMutant] [    Test worker] c.e.C.CheckMutantApplicationTests        : Started CheckMutantApplicationTests in 1.655 seconds (process running for 2.634)
]]></system-out>
  <system-err><![CDATA[]]></system-err>
</testsuite>
